<?xml version="1.0" encoding="UTF-8"?>
<testsuite xmlns:xsi="http://www.w3.org/2001/XMLSchema-instance" xsi:noNamespaceSchemaLocation="https://maven.apache.org/surefire/maven-surefire-plugin/xsd/surefire-test-report-3.0.xsd" version="3.0" name="AuthTest" time="0.392" tests="1" errors="1" skipped="0" failures="0">
  <properties>
[...]
</properties>
  <testcase name="testAuth" classname="AuthTest" time="0.389">
    <error message="&apos;void sun.misc.Unsafe.ensureClassInitialized(java.lang.Class)&apos;" type="java.lang.NoSuchMethodError"><![CDATA[java.lang.NoSuchMethodError: 'void sun.misc.Unsafe.ensureClassInitialized(java.lang.Class)'
	at com.oracle.truffle.api.library.LibraryFactory.ensureLibraryInitialized(LibraryFactory.java:384)
	at com.oracle.truffle.api.library.LibraryFactory.getUncached(LibraryFactory.java:364)
	at com.oracle.truffle.api.library.LibraryFactory.<init>(LibraryFactory.java:210)
	at com.oracle.truffle.api.interop.InteropLibraryGen.<init>(InteropLibraryGen.java:170)
	at com.oracle.truffle.api.interop.InteropLibraryGen.<clinit>(InteropLibraryGen.java:161)
	at java.base/java.lang.Class.forName0(Native Method)
	at java.base/java.lang.Class.forName(Class.java:578)
	at java.base/java.lang.Class.forName(Class.java:557)
	at com.oracle.truffle.api.library.LibraryFactory.loadGeneratedClass(LibraryFactory.java:777)
	at com.oracle.truffle.api.library.LibraryFactory.resolveImpl(LibraryFactory.java:740)
	at com.oracle.truffle.api.library.LibraryFactory.resolve(LibraryFactory.java:733)
	at com.oracle.truffle.api.interop.InteropLibrary.<clinit>(InteropLibrary.java:2843)
	at com.oracle.truffle.polyglot.PolyglotValueDispatch.<clinit>(PolyglotValueDispatch.java:155)
	at com.oracle.truffle.polyglot.PolyglotImpl.initialize(PolyglotImpl.java:163)
	at org.graalvm.polyglot.impl.AbstractPolyglotImpl.setConstructors(AbstractPolyglotImpl.java:266)
	at org.graalvm.polyglot.Engine$1.loadAndValidateProviders(Engine.java:917)
	at org.graalvm.polyglot.Engine$1.run(Engine.java:890)
	at org.graalvm.polyglot.Engine$1.run(Engine.java:864)
	at java.base/java.security.AccessController.doPrivileged(AccessController.java:319)
	at org.graalvm.polyglot.Engine.initEngineImpl(Engine.java:864)
	at org.graalvm.polyglot.Engine.access$000(Engine.java:110)
	at org.graalvm.polyglot.Engine$ImplHolder.<clinit>(Engine.java:136)
	at org.graalvm.polyglot.Engine.getImpl(Engine.java:360)
	at org.graalvm.polyglot.Engine$Builder.build(Engine.java:616)
	at com.intuit.karate.graal.JsEngine.createContext(JsEngine.java:71)
	at com.intuit.karate.graal.JsEngine.access$000(JsEngine.java:47)
	at com.intuit.karate.graal.JsEngine$1.initialValue(JsEngine.java:63)
	at com.intuit.karate.graal.JsEngine$1.initialValue(JsEngine.java:60)
	at java.base/java.lang.ThreadLocal.setInitialValue(ThreadLocal.java:225)
	at java.base/java.lang.ThreadLocal.get(ThreadLocal.java:194)
	at java.base/java.lang.ThreadLocal.get(ThreadLocal.java:172)
	at com.intuit.karate.graal.JsEngine.global(JsEngine.java:91)
	at com.intuit.karate.core.Tags.evaluate(Tags.java:156)
	at com.intuit.karate.core.ScenarioRuntime.isSelectedForExecution(ScenarioRuntime.java:345)
	at com.intuit.karate.core.ScenarioRuntime.<init>(ScenarioRuntime.java:107)
	at com.intuit.karate.core.ScenarioIterator.tryAdvance(ScenarioIterator.java:162)
	at java.base/java.util.stream.StreamSpliterators$WrappingSpliterator.lambda$initPartialTraversalState$0(StreamSpliterators.java:297)
	at java.base/java.util.stream.StreamSpliterators$AbstractWrappingSpliterator.fillBuffer(StreamSpliterators.java:206)
	at java.base/java.util.stream.StreamSpliterators$AbstractWrappingSpliterator.doAdvance(StreamSpliterators.java:161)
	at java.base/java.util.stream.StreamSpliterators$WrappingSpliterator.tryAdvance(StreamSpliterators.java:303)
	at java.base/java.util.Spliterators$1Adapter.hasNext(Spliterators.java:681)
	at com.intuit.karate.junit5.FeatureNode.hasNext(FeatureNode.java:63)
	at com.intuit.karate.junit5.Karate.iterator(Karate.java:65)
	at java.base/java.lang.Iterable.spliterator(Iterable.java:101)
	at org.junit.platform.commons.util.CollectionUtils.toStream(CollectionUtils.java:153)
	at org.junit.jupiter.engine.descriptor.TestFactoryTestDescriptor.toDynamicNodeStream(TestFactoryTestDescriptor.java:122)
	at org.junit.jupiter.engine.descriptor.TestFactoryTestDescriptor.lambda$invokeTestMethod$1(TestFactoryTestDescriptor.java:99)
	at org.junit.platform.engine.support.hierarchical.ThrowableCollector.execute(ThrowableCollector.java:73)
	at org.junit.jupiter.engine.descriptor.TestFactoryTestDescriptor.invokeTestMethod(TestFactoryTestDescriptor.java:93)
	at org.junit.jupiter.engine.descriptor.TestMethodTestDescriptor.execute(TestMethodTestDescriptor.java:131)
	at org.junit.jupiter.engine.descriptor.TestMethodTestDescriptor.execute(TestMethodTestDescriptor.java:65)
	at org.junit.platform.engine.support.hierarchical.NodeTestTask.lambda$executeRecursively$5(NodeTestTask.java:139)
	at org.junit.platform.engine.support.hierarchical.ThrowableCollector.execute(ThrowableCollector.java:73)
	at org.junit.platform.engine.support.hierarchical.NodeTestTask.lambda$executeRecursively$7(NodeTestTask.java:129)
	at org.junit.platform.engine.support.hierarchical.Node.around(Node.java:137)
	at org.junit.platform.engine.support.hierarchical.NodeTestTask.lambda$executeRecursively$8(NodeTestTask.java:127)
	at org.junit.platform.engine.support.hierarchical.ThrowableCollector.execute(ThrowableCollector.java:73)
	at org.junit.platform.engine.support.hierarchical.NodeTestTask.executeRecursively(NodeTestTask.java:126)
	at org.junit.platform.engine.support.hierarchical.NodeTestTask.execute(NodeTestTask.java:84)
	at java.base/java.util.ArrayList.forEach(ArrayList.java:1597)
	at org.junit.platform.engine.support.hierarchical.SameThreadHierarchicalTestExecutorService.invokeAll(SameThreadHierarchicalTestExecutorService.java:38)
	at org.junit.platform.engine.support.hierarchical.NodeTestTask.lambda$executeRecursively$5(NodeTestTask.java:143)
	at org.junit.platform.engine.support.hierarchical.ThrowableCollector.execute(ThrowableCollector.java:73)
	at org.junit.platform.engine.support.hierarchical.NodeTestTask.lambda$executeRecursively$7(NodeTestTask.java:129)
	at org.junit.platform.engine.support.hierarchical.Node.around(Node.java:137)
	at org.junit.platform.engine.support.hierarchical.NodeTestTask.lambda$executeRecursively$8(NodeTestTask.java:127)
	at org.junit.platform.engine.support.hierarchical.ThrowableCollector.execute(ThrowableCollector.java:73)
	at org.junit.platform.engine.support.hierarchical.NodeTestTask.executeRecursively(NodeTestTask.java:126)
	at org.junit.platform.engine.support.hierarchical.NodeTestTask.execute(NodeTestTask.java:84)
	at java.base/java.util.ArrayList.forEach(ArrayList.java:1597)
	at org.junit.platform.engine.support.hierarchical.SameThreadHierarchicalTestExecutorService.invokeAll(SameThreadHierarchicalTestExecutorService.java:38)
	at org.junit.platform.engine.support.hierarchical.NodeTestTask.lambda$executeRecursively$5(NodeTestTask.java:143)
	at org.junit.platform.engine.support.hierarchical.ThrowableCollector.execute(ThrowableCollector.java:73)
	at org.junit.platform.engine.support.hierarchical.NodeTestTask.lambda$executeRecursively$7(NodeTestTask.java:129)
	at org.junit.platform.engine.support.hierarchical.Node.around(Node.java:137)
	at org.junit.platform.engine.support.hierarchical.NodeTestTask.lambda$executeRecursively$8(NodeTestTask.java:127)
	at org.junit.platform.engine.support.hierarchical.ThrowableCollector.execute(ThrowableCollector.java:73)
	at org.junit.platform.engine.support.hierarchical.NodeTestTask.executeRecursively(NodeTestTask.java:126)
	at org.junit.platform.engine.support.hierarchical.NodeTestTask.execute(NodeTestTask.java:84)
	at org.junit.platform.engine.support.hierarchical.SameThreadHierarchicalTestExecutorService.submit(SameThreadHierarchicalTestExecutorService.java:32)
	at org.junit.platform.engine.support.hierarchical.HierarchicalTestExecutor.execute(HierarchicalTestExecutor.java:57)
	at org.junit.platform.engine.support.hierarchical.HierarchicalTestEngine.execute(HierarchicalTestEngine.java:51)
	at org.junit.platform.launcher.core.EngineExecutionOrchestrator.execute(EngineExecutionOrchestrator.java:108)
	at org.junit.platform.launcher.core.EngineExecutionOrchestrator.execute(EngineExecutionOrchestrator.java:88)
	at org.junit.platform.launcher.core.EngineExecutionOrchestrator.lambda$execute$0(EngineExecutionOrchestrator.java:54)
	at org.junit.platform.launcher.core.EngineExecutionOrchestrator.withInterceptedStreams(EngineExecutionOrchestrator.java:67)
	at org.junit.platform.launcher.core.EngineExecutionOrchestrator.execute(EngineExecutionOrchestrator.java:52)
	at org.junit.platform.launcher.core.DefaultLauncher.execute(DefaultLauncher.java:96)
	at org.junit.platform.launcher.core.DefaultLauncher.execute(DefaultLauncher.java:75)
	at org.apache.maven.surefire.junitplatform.LazyLauncher.execute(LazyLauncher.java:50)
	at org.apache.maven.surefire.junitplatform.JUnitPlatformProvider.execute(JUnitPlatformProvider.java:184)
	at org.apache.maven.surefire.junitplatform.JUnitPlatformProvider.invokeAllTests(JUnitPlatformProvider.java:148)
	at org.apache.maven.surefire.junitplatform.JUnitPlatformProvider.invoke(JUnitPlatformProvider.java:122)
	at org.apache.maven.surefire.booter.ForkedBooter.runSuitesInProcess(ForkedBooter.java:385)
	at org.apache.maven.surefire.booter.ForkedBooter.execute(ForkedBooter.java:162)
	at org.apache.maven.surefire.booter.ForkedBooter.run(ForkedBooter.java:507)
	at org.apache.maven.surefire.booter.ForkedBooter.main(ForkedBooter.java:495)
]]></error>
    <system-out><![CDATA[19:30:48.477 [main] INFO com.intuit.karate.Runner - using system property 'karate.options': --tags ~@ignore
19:30:48.580 [main] DEBUG com.intuit.karate.Suite - [config] classpath:karate-config.js
]]></system-out>
  </testcase>
</testsuite>